[04-Dec-2023 12:39:17 UTC] PHP Parse error:  Unmatched '}' in /Users/nassimekherbouche/Local Sites/koukaki/app/public/wp-content/themes/foce-child/functions.php on line 12
[04-Dec-2023 12:39:17 UTC] PHP Parse error:  Unmatched '}' in /Users/nassimekherbouche/Local Sites/koukaki/app/public/wp-content/themes/foce-child/functions.php on line 12
[04-Dec-2023 12:39:37 UTC] PHP Warning:  filemtime(): stat failed for /Users/nassimekherbouche/Local Sites/koukaki/app/public/wp-content/themes/foce-child/css/main.css in /Users/nassimekherbouche/Local Sites/koukaki/app/public/wp-content/themes/foce-child/functions.php on line 5
[04-Dec-2023 12:39:37 UTC] PHP Warning:  filemtime(): stat failed for /Users/nassimekherbouche/Local Sites/koukaki/app/public/wp-content/themes/foce-child/css/main.css in /Users/nassimekherbouche/Local Sites/koukaki/app/public/wp-content/themes/foce-child/functions.php on line 5
[18-Dec-2023 15:29:47 UTC] PHP Parse error:  syntax error, unexpected token "}", expecting "," or ";" in /Users/nassimekherbouche/Local Sites/koukaki/app/public/wp-content/themes/foce-child/template-parts/characters-slider.php on line 24
[18-Dec-2023 15:29:55 UTC] PHP Parse error:  syntax error, unexpected token "}", expecting "," or ";" in /Users/nassimekherbouche/Local Sites/koukaki/app/public/wp-content/themes/foce-child/template-parts/characters-slider.php on line 24
[18-Dec-2023 15:30:38 UTC] PHP Parse error:  syntax error, unexpected token "}", expecting "," or ";" in /Users/nassimekherbouche/Local Sites/koukaki/app/public/wp-content/themes/foce-child/template-parts/characters-slider.php on line 24
[18-Dec-2023 15:31:01 UTC] PHP Parse error:  syntax error, unexpected token "}", expecting "," or ";" in /Users/nassimekherbouche/Local Sites/koukaki/app/public/wp-content/themes/foce-child/template-parts/characters-slider.php on line 24
[18-Dec-2023 15:35:31 UTC] PHP Notice:  La fonction wp_enqueue_style a été appelée de façon incorrecte. Les scripts et les styles ne peuvent pas être enregistrés ou ajoutés avant le déclenchement des crochets wp_enqueue_scripts, admin_enqueue_scripts ou login_enqueue_scripts. Cette notification a été déclenchée par theme-style. Veuillez lire <a>Débogage dans WordPress</a> (en) pour plus d’informations. (Ce message a été ajouté à la version 3.3.0.) in /Users/nassimekherbouche/Local Sites/koukaki/app/public/wp-includes/functions.php on line 6031
[18-Dec-2023 15:35:31 UTC] PHP Notice:  La fonction wp_enqueue_style a été appelée de façon incorrecte. Les scripts et les styles ne peuvent pas être enregistrés ou ajoutés avant le déclenchement des crochets wp_enqueue_scripts, admin_enqueue_scripts ou login_enqueue_scripts. Cette notification a été déclenchée par swiper-style. Veuillez lire <a>Débogage dans WordPress</a> (en) pour plus d’informations. (Ce message a été ajouté à la version 3.3.0.) in /Users/nassimekherbouche/Local Sites/koukaki/app/public/wp-includes/functions.php on line 6031
[18-Dec-2023 15:35:31 UTC] PHP Notice:  La fonction wp_enqueue_script a été appelée de façon incorrecte. Les scripts et les styles ne peuvent pas être enregistrés ou ajoutés avant le déclenchement des crochets wp_enqueue_scripts, admin_enqueue_scripts ou login_enqueue_scripts. Cette notification a été déclenchée par swiper-element-bundle.min. Veuillez lire <a>Débogage dans WordPress</a> (en) pour plus d’informations. (Ce message a été ajouté à la version 3.3.0.) in /Users/nassimekherbouche/Local Sites/koukaki/app/public/wp-includes/functions.php on line 6031
[18-Dec-2023 15:35:31 UTC] PHP Notice:  La fonction wp_enqueue_script a été appelée de façon incorrecte. Les scripts et les styles ne peuvent pas être enregistrés ou ajoutés avant le déclenchement des crochets wp_enqueue_scripts, admin_enqueue_scripts ou login_enqueue_scripts. Cette notification a été déclenchée par order-custom-scripts. Veuillez lire <a>Débogage dans WordPress</a> (en) pour plus d’informations. (Ce message a été ajouté à la version 3.3.0.) in /Users/nassimekherbouche/Local Sites/koukaki/app/public/wp-includes/functions.php on line 6031
[18-Dec-2023 15:35:31 UTC] PHP Parse error:  syntax error, unexpected token "}", expecting "," or ";" in /Users/nassimekherbouche/Local Sites/koukaki/app/public/wp-content/themes/foce-child/template-parts/characters-slider.php on line 24
[18-Dec-2023 15:35:32 UTC] PHP Notice:  La fonction wp_enqueue_style a été appelée de façon incorrecte. Les scripts et les styles ne peuvent pas être enregistrés ou ajoutés avant le déclenchement des crochets wp_enqueue_scripts, admin_enqueue_scripts ou login_enqueue_scripts. Cette notification a été déclenchée par theme-style. Veuillez lire <a>Débogage dans WordPress</a> (en) pour plus d’informations. (Ce message a été ajouté à la version 3.3.0.) in /Users/nassimekherbouche/Local Sites/koukaki/app/public/wp-includes/functions.php on line 6031
[18-Dec-2023 15:35:32 UTC] PHP Notice:  La fonction wp_enqueue_style a été appelée de façon incorrecte. Les scripts et les styles ne peuvent pas être enregistrés ou ajoutés avant le déclenchement des crochets wp_enqueue_scripts, admin_enqueue_scripts ou login_enqueue_scripts. Cette notification a été déclenchée par swiper-style. Veuillez lire <a>Débogage dans WordPress</a> (en) pour plus d’informations. (Ce message a été ajouté à la version 3.3.0.) in /Users/nassimekherbouche/Local Sites/koukaki/app/public/wp-includes/functions.php on line 6031
[18-Dec-2023 15:35:32 UTC] PHP Notice:  La fonction wp_enqueue_script a été appelée de façon incorrecte. Les scripts et les styles ne peuvent pas être enregistrés ou ajoutés avant le déclenchement des crochets wp_enqueue_scripts, admin_enqueue_scripts ou login_enqueue_scripts. Cette notification a été déclenchée par swiper-element-bundle.min. Veuillez lire <a>Débogage dans WordPress</a> (en) pour plus d’informations. (Ce message a été ajouté à la version 3.3.0.) in /Users/nassimekherbouche/Local Sites/koukaki/app/public/wp-includes/functions.php on line 6031
[18-Dec-2023 15:35:32 UTC] PHP Notice:  La fonction wp_enqueue_script a été appelée de façon incorrecte. Les scripts et les styles ne peuvent pas être enregistrés ou ajoutés avant le déclenchement des crochets wp_enqueue_scripts, admin_enqueue_scripts ou login_enqueue_scripts. Cette notification a été déclenchée par order-custom-scripts. Veuillez lire <a>Débogage dans WordPress</a> (en) pour plus d’informations. (Ce message a été ajouté à la version 3.3.0.) in /Users/nassimekherbouche/Local Sites/koukaki/app/public/wp-includes/functions.php on line 6031
[18-Dec-2023 15:35:32 UTC] PHP Notice:  La fonction wp_enqueue_style a été appelée de façon incorrecte. Les scripts et les styles ne peuvent pas être enregistrés ou ajoutés avant le déclenchement des crochets wp_enqueue_scripts, admin_enqueue_scripts ou login_enqueue_scripts. Cette notification a été déclenchée par theme-style. Veuillez lire <a>Débogage dans WordPress</a> (en) pour plus d’informations. (Ce message a été ajouté à la version 3.3.0.) in /Users/nassimekherbouche/Local Sites/koukaki/app/public/wp-includes/functions.php on line 6031
[18-Dec-2023 15:35:32 UTC] PHP Notice:  La fonction wp_enqueue_style a été appelée de façon incorrecte. Les scripts et les styles ne peuvent pas être enregistrés ou ajoutés avant le déclenchement des crochets wp_enqueue_scripts, admin_enqueue_scripts ou login_enqueue_scripts. Cette notification a été déclenchée par swiper-style. Veuillez lire <a>Débogage dans WordPress</a> (en) pour plus d’informations. (Ce message a été ajouté à la version 3.3.0.) in /Users/nassimekherbouche/Local Sites/koukaki/app/public/wp-includes/functions.php on line 6031
[18-Dec-2023 15:35:32 UTC] PHP Notice:  La fonction wp_enqueue_script a été appelée de façon incorrecte. Les scripts et les styles ne peuvent pas être enregistrés ou ajoutés avant le déclenchement des crochets wp_enqueue_scripts, admin_enqueue_scripts ou login_enqueue_scripts. Cette notification a été déclenchée par swiper-element-bundle.min. Veuillez lire <a>Débogage dans WordPress</a> (en) pour plus d’informations. (Ce message a été ajouté à la version 3.3.0.) in /Users/nassimekherbouche/Local Sites/koukaki/app/public/wp-includes/functions.php on line 6031
[18-Dec-2023 15:35:32 UTC] PHP Notice:  La fonction wp_enqueue_script a été appelée de façon incorrecte. Les scripts et les styles ne peuvent pas être enregistrés ou ajoutés avant le déclenchement des crochets wp_enqueue_scripts, admin_enqueue_scripts ou login_enqueue_scripts. Cette notification a été déclenchée par order-custom-scripts. Veuillez lire <a>Débogage dans WordPress</a> (en) pour plus d’informations. (Ce message a été ajouté à la version 3.3.0.) in /Users/nassimekherbouche/Local Sites/koukaki/app/public/wp-includes/functions.php on line 6031
[18-Dec-2023 15:38:03 UTC] PHP Parse error:  syntax error, unexpected token "}", expecting "," or ";" in /Users/nassimekherbouche/Local Sites/koukaki/app/public/wp-content/themes/foce-child/template-parts/characters-slider.php on line 24
[21-Dec-2023 01:07:52 UTC] PHP Warning:  mysqli_real_connect(): (HY000/2002): No such file or directory in /Users/nassimekherbouche/Local Sites/koukaki/app/public/wp-includes/class-wpdb.php on line 1987
[21-Dec-2023 01:07:52 UTC] PHP Warning:  mysqli_real_connect(): (HY000/2002): No such file or directory in /Users/nassimekherbouche/Local Sites/koukaki/app/public/wp-includes/class-wpdb.php on line 1987
[21-Dec-2023 01:07:52 UTC] PHP Warning:  mysqli_real_connect(): (HY000/2002): No such file or directory in /Users/nassimekherbouche/Local Sites/koukaki/app/public/wp-includes/class-wpdb.php on line 1987
[22-Dec-2023 01:22:03 UTC] PHP Warning:  mysqli_real_connect(): (HY000/2002): No such file or directory in /Users/nassimekherbouche/Local Sites/koukaki/app/public/wp-includes/class-wpdb.php on line 1987
[25-Dec-2023 23:22:30 UTC] PHP Warning:  mysqli_real_connect(): (HY000/2002): No such file or directory in /Users/nassimekherbouche/Local Sites/koukaki/app/public/wp-includes/class-wpdb.php on line 1987
[25-Dec-2023 23:22:31 UTC] PHP Warning:  mysqli_real_connect(): (HY000/2002): No such file or directory in /Users/nassimekherbouche/Local Sites/koukaki/app/public/wp-includes/class-wpdb.php on line 1987
[26-Dec-2023 00:04:43 UTC] PHP Parse error:  syntax error, unexpected token "}", expecting "," or ";" in /Users/nassimekherbouche/Local Sites/koukaki/app/public/wp-content/themes/foce-child/template-parts/characters-slider.php on line 24
[26-Dec-2023 01:26:41 UTC] PHP Warning:  mysqli_real_connect(): (HY000/2002): No such file or directory in /Users/nassimekherbouche/Local Sites/koukaki/app/public/wp-includes/class-wpdb.php on line 1987
[26-Dec-2023 02:10:14 UTC] PHP Parse error:  syntax error, unexpected token "}", expecting "," or ";" in /Users/nassimekherbouche/Local Sites/koukaki/app/public/wp-content/themes/foce-child/template-parts/characters-slider.php on line 24
[26-Dec-2023 02:12:34 UTC] PHP Parse error:  syntax error, unexpected token "}", expecting "," or ";" in /Users/nassimekherbouche/Local Sites/koukaki/app/public/wp-content/themes/foce-child/template-parts/characters-slider.php on line 24
[26-Dec-2023 02:13:59 UTC] PHP Parse error:  syntax error, unexpected token "}", expecting "," or ";" in /Users/nassimekherbouche/Local Sites/koukaki/app/public/wp-content/themes/foce-child/template-parts/characters-slider.php on line 24
[26-Dec-2023 02:14:15 UTC] PHP Parse error:  syntax error, unexpected token "}", expecting "," or ";" in /Users/nassimekherbouche/Local Sites/koukaki/app/public/wp-content/themes/foce-child/template-parts/characters-slider.php on line 24
[26-Dec-2023 02:14:57 UTC] PHP Parse error:  syntax error, unexpected token "}", expecting "," or ";" in /Users/nassimekherbouche/Local Sites/koukaki/app/public/wp-content/themes/foce-child/template-parts/characters-slider.php on line 24
[26-Dec-2023 02:20:56 UTC] PHP Parse error:  syntax error, unexpected token "}", expecting "," or ";" in /Users/nassimekherbouche/Local Sites/koukaki/app/public/wp-content/themes/foce-child/template-parts/characters-slider.php on line 24
[26-Dec-2023 02:21:19 UTC] PHP Parse error:  syntax error, unexpected token "}", expecting "," or ";" in /Users/nassimekherbouche/Local Sites/koukaki/app/public/wp-content/themes/foce-child/template-parts/characters-slider.php on line 24
[26-Dec-2023 02:31:11 UTC] PHP Fatal error:  Uncaught Error: Call to undefined function get_template_part_uri() in /Users/nassimekherbouche/Local Sites/koukaki/app/public/wp-content/themes/foce-child/front-page.php:27
Stack trace:
#0 /Users/nassimekherbouche/Local Sites/koukaki/app/public/wp-includes/template-loader.php(106): include()
#1 /Users/nassimekherbouche/Local Sites/koukaki/app/public/wp-blog-header.php(19): require_once('/Users/nassimek...')
#2 /Users/nassimekherbouche/Local Sites/koukaki/app/public/index.php(17): require('/Users/nassimek...')
#3 {main}
  thrown in /Users/nassimekherbouche/Local Sites/koukaki/app/public/wp-content/themes/foce-child/front-page.php on line 27
[26-Dec-2023 02:32:17 UTC] PHP Fatal error:  Uncaught Error: Call to undefined function get_template_part_uri() in /Users/nassimekherbouche/Local Sites/koukaki/app/public/wp-content/themes/foce-child/front-page.php:27
Stack trace:
#0 /Users/nassimekherbouche/Local Sites/koukaki/app/public/wp-includes/template-loader.php(106): include()
#1 /Users/nassimekherbouche/Local Sites/koukaki/app/public/wp-blog-header.php(19): require_once('/Users/nassimek...')
#2 /Users/nassimekherbouche/Local Sites/koukaki/app/public/index.php(17): require('/Users/nassimek...')
#3 {main}
  thrown in /Users/nassimekherbouche/Local Sites/koukaki/app/public/wp-content/themes/foce-child/front-page.php on line 27
[26-Dec-2023 22:22:11 UTC] PHP Warning:  mysqli_real_connect(): (HY000/2002): No such file or directory in /Users/nassimekherbouche/Local Sites/koukaki/app/public/wp-includes/class-wpdb.php on line 1987
[26-Dec-2023 22:35:14 UTC] PHP Warning:  include(characters-slider.php): Failed to open stream: No such file or directory in /Users/nassimekherbouche/Local Sites/koukaki/app/public/wp-content/themes/foce-child/front-page.php on line 27
[26-Dec-2023 22:35:14 UTC] PHP Warning:  include(): Failed opening 'characters-slider.php' for inclusion (include_path='.:/usr/share/php:/www/wp-content/pear') in /Users/nassimekherbouche/Local Sites/koukaki/app/public/wp-content/themes/foce-child/front-page.php on line 27
[26-Dec-2023 23:07:14 UTC] PHP Parse error:  syntax error, unexpected token "}", expecting "," or ";" in /Users/nassimekherbouche/Local Sites/koukaki/app/public/wp-content/themes/foce-child/template-parts/characters-slider.php on line 24
[26-Dec-2023 23:09:38 UTC] PHP Parse error:  syntax error, unexpected token "}", expecting "," or ";" in /Users/nassimekherbouche/Local Sites/koukaki/app/public/wp-content/themes/foce-child/template-parts/characters-slider.php on line 24
[26-Dec-2023 23:10:33 UTC] PHP Parse error:  syntax error, unexpected token "}", expecting "," or ";" in /Users/nassimekherbouche/Local Sites/koukaki/app/public/wp-content/themes/foce-child/template-parts/characters-slider.php on line 24
[26-Dec-2023 23:10:58 UTC] PHP Parse error:  syntax error, unexpected token "}", expecting "," or ";" in /Users/nassimekherbouche/Local Sites/koukaki/app/public/wp-content/themes/foce-child/template-parts/characters-slider.php on line 24
[26-Dec-2023 23:11:14 UTC] PHP Parse error:  syntax error, unexpected token "}", expecting "," or ";" in /Users/nassimekherbouche/Local Sites/koukaki/app/public/wp-content/themes/foce-child/template-parts/characters-slider.php on line 24
[26-Dec-2023 23:54:02 UTC] PHP Parse error:  syntax error, unexpected token "}", expecting "," or ";" in /Users/nassimekherbouche/Local Sites/koukaki/app/public/wp-content/themes/foce-child/template-parts/characters-slider.php on line 24
[27-Dec-2023 00:06:41 UTC] PHP Parse error:  syntax error, unexpected token "}", expecting "," or ";" in /Users/nassimekherbouche/Local Sites/koukaki/app/public/wp-content/themes/foce-child/template-parts/characters-slider.php on line 24
[27-Dec-2023 00:07:23 UTC] PHP Parse error:  syntax error, unexpected token "}", expecting "," or ";" in /Users/nassimekherbouche/Local Sites/koukaki/app/public/wp-content/themes/foce-child/template-parts/characters-slider.php on line 24
[27-Dec-2023 14:07:39 UTC] PHP Warning:  mysqli_real_connect(): (HY000/2002): No such file or directory in /Users/nassimekherbouche/Local Sites/koukaki/app/public/wp-includes/class-wpdb.php on line 1987
[27-Dec-2023 14:07:40 UTC] PHP Warning:  mysqli_real_connect(): (HY000/2002): No such file or directory in /Users/nassimekherbouche/Local Sites/koukaki/app/public/wp-includes/class-wpdb.php on line 1987
