[29-Nov-2023 12:42:13] NOTICE: fpm is running, pid 1081
[29-Nov-2023 12:42:13] NOTICE: ready to handle connections
[29-Nov-2023 12:58:00] NOTICE: Terminating ...
[29-Nov-2023 12:58:00] NOTICE: Terminating ...
[29-Nov-2023 12:58:00] NOTICE: exiting, bye-bye!
[30-Nov-2023 22:55:15] NOTICE: fpm is running, pid 1890
[30-Nov-2023 22:55:15] NOTICE: ready to handle connections
[30-Nov-2023 23:04:06] NOTICE: Terminating ...
[30-Nov-2023 23:04:06] NOTICE: Terminating ...
[30-Nov-2023 23:04:06] NOTICE: exiting, bye-bye!
[03-Dec-2023 20:15:22] NOTICE: fpm is running, pid 1836
[03-Dec-2023 20:15:22] NOTICE: ready to handle connections
[03-Dec-2023 20:16:09] NOTICE: Terminating ...
[03-Dec-2023 20:16:09] NOTICE: Terminating ...
[03-Dec-2023 20:16:09] NOTICE: exiting, bye-bye!
[03-Dec-2023 20:16:26] NOTICE: fpm is running, pid 1935
[03-Dec-2023 20:16:26] NOTICE: ready to handle connections
[04-Dec-2023 01:20:38] NOTICE: Terminating ...
[04-Dec-2023 01:20:38] NOTICE: Terminating ...
[04-Dec-2023 01:20:39] NOTICE: exiting, bye-bye!
